The system is: Windows - 10.0.19041 - AMD64
Compiling the C compiler identification source file "CMakeCCompilerId.c" succeeded.
Compiler: C:/Program Files (x86)/Microsoft Visual Studio/2019/Community/VC/Tools/MSVC/14.28.29333/bin/Hostx64/x64/cl.exe 
Build flags: 
Id flags:  

The output was:
0
Microsoft (R) C/C++ Optimizing Compiler Version 19.28.29337 for x64
Copyright (C) Microsoft Corporation.  All rights reserved.

CMakeCCompilerId.c
Microsoft (R) Incremental Linker Version 14.28.29337.0
Copyright (C) Microsoft Corporation.  All rights reserved.

/out:CMakeCCompilerId.exe 
CMakeCCompilerId.obj 


Compilation of the C compiler identification source "CMakeCCompilerId.c" produced "CMakeCCompilerId.exe"

Compilation of the C compiler identification source "CMakeCCompilerId.c" produced "CMakeCCompilerId.obj"

The C compiler identification is MSVC, found in "C:/Users/malla/Documents/OVGU/First sem/SDIR/git/myGroup_group5_cse_admin-sdri_ctrl2019-3ada2d10e8c3/cse_admin-sdri_ctrl2019-3ada2d10e8c3/out/build/x64-Debug (default)/CMakeFiles/3.18.20081302-MSVC_2/CompilerIdC/CMakeCCompilerId.exe"

Compiling the CXX compiler identification source file "CMakeCXXCompilerId.cpp" succeeded.
Compiler: C:/Program Files (x86)/Microsoft Visual Studio/2019/Community/VC/Tools/MSVC/14.28.29333/bin/Hostx64/x64/cl.exe 
Build flags: 
Id flags:  

The output was:
0
Microsoft (R) C/C++ Optimizing Compiler Version 19.28.29337 for x64
Copyright (C) Microsoft Corporation.  All rights reserved.

CMakeCXXCompilerId.cpp
Microsoft (R) Incremental Linker Version 14.28.29337.0
Copyright (C) Microsoft Corporation.  All rights reserved.

/out:CMakeCXXCompilerId.exe 
CMakeCXXCompilerId.obj 


Compilation of the CXX compiler identification source "CMakeCXXCompilerId.cpp" produced "CMakeCXXCompilerId.exe"

Compilation of the CXX compiler identification source "CMakeCXXCompilerId.cpp" produced "CMakeCXXCompilerId.obj"

The CXX compiler identification is MSVC, found in "C:/Users/malla/Documents/OVGU/First sem/SDIR/git/myGroup_group5_cse_admin-sdri_ctrl2019-3ada2d10e8c3/cse_admin-sdri_ctrl2019-3ada2d10e8c3/out/build/x64-Debug (default)/CMakeFiles/3.18.20081302-MSVC_2/CompilerIdCXX/CMakeCXXCompilerId.exe"

Detecting C compiler ABI info compiled with the following output:
Change Dir: C:/Users/malla/Documents/OVGU/First sem/SDIR/git/myGroup_group5_cse_admin-sdri_ctrl2019-3ada2d10e8c3/cse_admin-sdri_ctrl2019-3ada2d10e8c3/out/build/x64-Debug (default)/CMakeFiles/CMakeTmp

Run Build Command(s):C:/Program Files (x86)/Microsoft Visual Studio/2019/Community/Common7/IDE/CommonExtensions/Microsoft/CMake/Ninja/ninja.exe cmTC_90d12 && [1/2] Building C object CMakeFiles\cmTC_90d12.dir\CMakeCCompilerABI.c.obj
[2/2] Linking C executable cmTC_90d12.exe



Detecting CXX compiler ABI info compiled with the following output:
Change Dir: C:/Users/malla/Documents/OVGU/First sem/SDIR/git/myGroup_group5_cse_admin-sdri_ctrl2019-3ada2d10e8c3/cse_admin-sdri_ctrl2019-3ada2d10e8c3/out/build/x64-Debug (default)/CMakeFiles/CMakeTmp

Run Build Command(s):C:/Program Files (x86)/Microsoft Visual Studio/2019/Community/Common7/IDE/CommonExtensions/Microsoft/CMake/Ninja/ninja.exe cmTC_104cb && [1/2] Building CXX object CMakeFiles\cmTC_104cb.dir\CMakeCXXCompilerABI.cpp.obj
[2/2] Linking CXX executable cmTC_104cb.exe



